<?xml version="1.0" encoding="UTF-8"?>
<testsuite name="repository.database.UserDBRepositoryTest" tests="5" skipped="0" failures="0" errors="0" timestamp="2021-12-07T19:55:09" hostname="LAPTOP-DHK8NDQJ" time="4.402">
  <properties/>
  <testcase name="delete()" classname="repository.database.UserDBRepositoryTest" time="1.479"/>
  <testcase name="findAll()" classname="repository.database.UserDBRepositoryTest" time="0.991"/>
  <testcase name="findOne()" classname="repository.database.UserDBRepositoryTest" time="0.481"/>
  <testcase name="update()" classname="repository.database.UserDBRepositoryTest" time="0.81"/>
  <testcase name="save()" classname="repository.database.UserDBRepositoryTest" time="0.635"/>
  <system-out><![CDATA[]]></system-out>
  <system-err><![CDATA[]]></system-err>
</testsuite>
