<?xml version="1.0" encoding="UTF-8"?>
<testsuite name="repository.database.FriendshipDBRepositoryTest" tests="5" skipped="0" failures="0" errors="0" timestamp="2021-12-07T19:55:05" hostname="LAPTOP-DHK8NDQJ" time="3.601">
  <properties/>
  <testcase name="delete()" classname="repository.database.FriendshipDBRepositoryTest" time="0.726"/>
  <testcase name="findAll()" classname="repository.database.FriendshipDBRepositoryTest" time="0.655"/>
  <testcase name="findOne()" classname="repository.database.FriendshipDBRepositoryTest" time="0.295"/>
  <testcase name="update()" classname="repository.database.FriendshipDBRepositoryTest" time="0.396"/>
  <testcase name="save()" classname="repository.database.FriendshipDBRepositoryTest" time="1.524"/>
  <system-out><![CDATA[]]></system-out>
  <system-err><![CDATA[]]></system-err>
</testsuite>
